  [1m[35m (0.0ms)[0m  [1m[34mSELECT sqlite_version(*)[0m
  [1m[35m (72.8ms)[0m  [1m[35mCREATE TABLE "schema_migrations" ("version" varchar NOT NULL PRIMARY KEY)[0m
  [1m[35m (87.8ms)[0m  [1m[35mCREATE TABLE "ar_internal_metadata" ("key" varchar NOT NULL PRIMARY KEY, "value" varchar, "created_at" datetime NOT NULL, "updated_at" datetime NOT NULL)[0m
  [1m[35m (0.0ms)[0m  [1m[34mSELECT "schema_migrations"."version" FROM "schema_migrations" ORDER BY "schema_migrations"."version" ASC[0m
Migrating to DeviseCreateUsers (20190306162057)
  [1m[35m (0.0ms)[0m  [1m[36mbegin transaction[0m
  [1m[35m (2.0ms)[0m  [1m[35mCREATE TABLE "users" ("id" INTEGER PRIMARY KEY AUTOINCREMENT NOT NULL, "email" varchar DEFAULT '' NOT NULL, "encrypted_password" varchar DEFAULT '' NOT NULL, "reset_password_token" varchar, "reset_password_sent_at" datetime, "remember_created_at" datetime, "created_at" datetime NOT NULL, "updated_at" datetime NOT NULL)[0m
  [1m[35m (0.0ms)[0m  [1m[35mCREATE UNIQUE INDEX "index_users_on_email" ON "users" ("email")[0m
  [1m[35m (0.0ms)[0m  [1m[34m            SELECT sql
            FROM sqlite_master
            WHERE name='index_users_on_email' AND type='index'
            UNION ALL
            SELECT sql
            FROM sqlite_temp_master
            WHERE name='index_users_on_email' AND type='index'
[0m
  [1m[35m (0.0ms)[0m  [1m[35mCREATE UNIQUE INDEX "index_users_on_reset_password_token" ON "users" ("reset_password_token")[0m
  [1m[35mSQL (0.0ms)[0m  [1m[32mINSERT INTO "schema_migrations" ("version") VALUES (?)[0m  [["version", "20190306162057"]]
  [1m[35m (70.8ms)[0m  [1m[36mcommit transaction[0m
  [1m[36mActiveRecord::InternalMetadata Load (0.0ms)[0m  [1m[34mSELECT  "ar_internal_metadata".* FROM "ar_internal_metadata" WHERE "ar_internal_metadata"."key" = ? LIMIT ?[0m  [["key", "environment"], ["LIMIT", 1]]
  [1m[35m (0.0ms)[0m  [1m[36mbegin transaction[0m
  [1m[35mSQL (1.0ms)[0m  [1m[32mINSERT INTO "ar_internal_metadata" ("key", "value", "created_at", "updated_at") VALUES (?, ?, ?, ?)[0m  [["key", "environment"], ["value", "development"], ["created_at", "2019-03-06 16:21:04.155539"], ["updated_at", "2019-03-06 16:21:04.155539"]]
  [1m[35m (84.1ms)[0m  [1m[36mcommit transaction[0m
  [1m[35m (0.0ms)[0m  [1m[34mSELECT "schema_migrations"."version" FROM "schema_migrations" ORDER BY "schema_migrations"."version" ASC[0m
  [1m[35m (0.0ms)[0m  [1m[34m            SELECT sql
            FROM sqlite_master
            WHERE name='index_users_on_reset_password_token' AND type='index'
            UNION ALL
            SELECT sql
            FROM sqlite_temp_master
            WHERE name='index_users_on_reset_password_token' AND type='index'
[0m
  [1m[35m (0.0ms)[0m  [1m[34m            SELECT sql
            FROM sqlite_master
            WHERE name='index_users_on_email' AND type='index'
            UNION ALL
            SELECT sql
            FROM sqlite_temp_master
            WHERE name='index_users_on_email' AND type='index'
[0m
Started GET "/" for 127.0.0.1 at 2019-03-06 17:24:34 +0100
  [1m[35m (0.0ms)[0m  [1m[34mSELECT "schema_migrations"."version" FROM "schema_migrations" ORDER BY "schema_migrations"."version" ASC[0m
Processing by Rails::WelcomeController#index as HTML
  Rendering D:/rails/RailsInstaller/Ruby2.3.3/lib/ruby/gems/2.3.0/gems/railties-5.1.6.1/lib/rails/templates/rails/welcome/index.html.erb
  Rendered D:/rails/RailsInstaller/Ruby2.3.3/lib/ruby/gems/2.3.0/gems/railties-5.1.6.1/lib/rails/templates/rails/welcome/index.html.erb (8.0ms)
Completed 200 OK in 144ms (Views: 69.0ms | ActiveRecord: 0.0ms)


Started GET "/users/sign_in" for 127.0.0.1 at 2019-03-06 17:29:05 +0100
  [1m[35m (1.0ms)[0m  [1m[34mSELECT "schema_migrations"."version" FROM "schema_migrations" ORDER BY "schema_migrations"."version" ASC[0m
Processing by Devise::SessionsController#new as HTML
  Rendering devise/sessions/new.html.erb within layouts/application
  Rendered devise/shared/_links.html.erb (1.0ms)
  Rendered devise/sessions/new.html.erb within layouts/application (98.3ms)
Completed 200 OK in 722ms (Views: 696.8ms | ActiveRecord: 2.0ms)


  [1m[35m (0.0ms)[0m  [1m[34mSELECT sqlite_version(*)[0m
  [1m[35m (135.3ms)[0m  [1m[35mCREATE TABLE "schema_migrations" ("version" varchar NOT NULL PRIMARY KEY)[0m
  [1m[35m (89.3ms)[0m  [1m[35mCREATE TABLE "ar_internal_metadata" ("key" varchar NOT NULL PRIMARY KEY, "value" varchar, "created_at" datetime NOT NULL, "updated_at" datetime NOT NULL)[0m
  [1m[35m (1.0ms)[0m  [1m[34mSELECT "schema_migrations"."version" FROM "schema_migrations" ORDER BY "schema_migrations"."version" ASC[0m
Migrating to DeviseCreateUsers (20190306162057)
  [1m[35m (0.0ms)[0m  [1m[36mbegin transaction[0m
  [1m[35m (1.0ms)[0m  [1m[35mCREATE TABLE "users" ("id" INTEGER PRIMARY KEY AUTOINCREMENT NOT NULL, "email" varchar DEFAULT '' NOT NULL, "encrypted_password" varchar DEFAULT '' NOT NULL, "reset_password_token" varchar, "reset_password_sent_at" datetime, "remember_created_at" datetime, "created_at" datetime NOT NULL, "updated_at" datetime NOT NULL)[0m
  [1m[35m (1.0ms)[0m  [1m[35mCREATE UNIQUE INDEX "index_users_on_email" ON "users" ("email")[0m
  [1m[35m (0.0ms)[0m  [1m[34m            SELECT sql
            FROM sqlite_master
            WHERE name='index_users_on_email' AND type='index'
            UNION ALL
            SELECT sql
            FROM sqlite_temp_master
            WHERE name='index_users_on_email' AND type='index'
[0m
  [1m[35m (0.0ms)[0m  [1m[35mCREATE UNIQUE INDEX "index_users_on_reset_password_token" ON "users" ("reset_password_token")[0m
  [1m[35mSQL (0.0ms)[0m  [1m[32mINSERT INTO "schema_migrations" ("version") VALUES (?)[0m  [["version", "20190306162057"]]
  [1m[35m (71.8ms)[0m  [1m[36mcommit transaction[0m
Migrating to CreateZonas (20190306163505)
  [1m[35m (0.0ms)[0m  [1m[36mbegin transaction[0m
  [1m[35m (2.0ms)[0m  [1m[35mCREATE TABLE "zonas" ("id" INTEGER PRIMARY KEY AUTOINCREMENT NOT NULL, "nom" varchar, "clima" varchar, "temperatura" integer, "humitat" integer, "created_at" datetime NOT NULL, "updated_at" datetime NOT NULL)[0m
  [1m[35mSQL (0.0ms)[0m  [1m[32mINSERT INTO "schema_migrations" ("version") VALUES (?)[0m  [["version", "20190306163505"]]
  [1m[35m (86.8ms)[0m  [1m[36mcommit transaction[0m
Migrating to CreateAnimals (20190306163652)
  [1m[35m (0.0ms)[0m  [1m[36mbegin transaction[0m
  [1m[35m (1.0ms)[0m  [1m[35mCREATE TABLE "animals" ("id" INTEGER PRIMARY KEY AUTOINCREMENT NOT NULL, "nom" varchar, "foto" varchar, "raza" varchar, "zona_id" integer, "any_naixement" date, "user_id" integer, "created_at" datetime NOT NULL, "updated_at" datetime NOT NULL, CONSTRAINT "fk_rails_7415a54cae"
FOREIGN KEY ("zona_id")
  REFERENCES "zonas" ("id")
, CONSTRAINT "fk_rails_d15d81e8bb"
FOREIGN KEY ("user_id")
  REFERENCES "users" ("id")
)[0m
  [1m[35m (0.0ms)[0m  [1m[35mCREATE  INDEX "index_animals_on_zona_id" ON "animals" ("zona_id")[0m
  [1m[35m (0.0ms)[0m  [1m[34m            SELECT sql
            FROM sqlite_master
            WHERE name='index_animals_on_zona_id' AND type='index'
            UNION ALL
            SELECT sql
            FROM sqlite_temp_master
            WHERE name='index_animals_on_zona_id' AND type='index'
[0m
  [1m[35m (0.0ms)[0m  [1m[35mCREATE  INDEX "index_animals_on_user_id" ON "animals" ("user_id")[0m
  [1m[35mSQL (0.0ms)[0m  [1m[32mINSERT INTO "schema_migrations" ("version") VALUES (?)[0m  [["version", "20190306163652"]]
  [1m[35m (81.8ms)[0m  [1m[36mcommit transaction[0m
  [1m[36mActiveRecord::InternalMetadata Load (0.0ms)[0m  [1m[34mSELECT  "ar_internal_metadata".* FROM "ar_internal_metadata" WHERE "ar_internal_metadata"."key" = ? LIMIT ?[0m  [["key", "environment"], ["LIMIT", 1]]
  [1m[35m (0.0ms)[0m  [1m[36mbegin transaction[0m
  [1m[35mSQL (1.0ms)[0m  [1m[32mINSERT INTO "ar_internal_metadata" ("key", "value", "created_at", "updated_at") VALUES (?, ?, ?, ?)[0m  [["key", "environment"], ["value", "development"], ["created_at", "2019-03-06 16:53:38.897004"], ["updated_at", "2019-03-06 16:53:38.897004"]]
  [1m[35m (90.8ms)[0m  [1m[36mcommit transaction[0m
  [1m[35m (0.0ms)[0m  [1m[34mSELECT "schema_migrations"."version" FROM "schema_migrations" ORDER BY "schema_migrations"."version" ASC[0m
  [1m[35m (0.0ms)[0m  [1m[34m            SELECT sql
            FROM sqlite_master
            WHERE name='index_animals_on_user_id' AND type='index'
            UNION ALL
            SELECT sql
            FROM sqlite_temp_master
            WHERE name='index_animals_on_user_id' AND type='index'
[0m
  [1m[35m (0.0ms)[0m  [1m[34m            SELECT sql
            FROM sqlite_master
            WHERE name='index_animals_on_zona_id' AND type='index'
            UNION ALL
            SELECT sql
            FROM sqlite_temp_master
            WHERE name='index_animals_on_zona_id' AND type='index'
[0m
  [1m[35m (0.0ms)[0m  [1m[34m            SELECT sql
            FROM sqlite_master
            WHERE name='index_users_on_reset_password_token' AND type='index'
            UNION ALL
            SELECT sql
            FROM sqlite_temp_master
            WHERE name='index_users_on_reset_password_token' AND type='index'
[0m
  [1m[35m (0.0ms)[0m  [1m[34m            SELECT sql
            FROM sqlite_master
            WHERE name='index_users_on_email' AND type='index'
            UNION ALL
            SELECT sql
            FROM sqlite_temp_master
            WHERE name='index_users_on_email' AND type='index'
[0m
Started GET "/" for 127.0.0.1 at 2019-03-06 17:59:22 +0100
  [1m[35m (1.0ms)[0m  [1m[34mSELECT "schema_migrations"."version" FROM "schema_migrations" ORDER BY "schema_migrations"."version" ASC[0m
Processing by Rails::WelcomeController#index as HTML
  Rendering D:/rails/RailsInstaller/Ruby2.3.3/lib/ruby/gems/2.3.0/gems/railties-5.1.6.1/lib/rails/templates/rails/welcome/index.html.erb
  Rendered D:/rails/RailsInstaller/Ruby2.3.3/lib/ruby/gems/2.3.0/gems/railties-5.1.6.1/lib/rails/templates/rails/welcome/index.html.erb (4.9ms)
Completed 200 OK in 112ms (Views: 54.3ms | ActiveRecord: 0.0ms)


Started GET "/zona" for 127.0.0.1 at 2019-03-06 17:59:44 +0100
  
ActionController::RoutingError (No route matches [GET] "/zona"):
  
actionpack (5.1.6.1) lib/action_dispatch/middleware/debug_exceptions.rb:63:in `call'
web-console (3.7.0) lib/web_console/middleware.rb:135:in `call_app'
web-console (3.7.0) lib/web_console/middleware.rb:30:in `block in call'
web-console (3.7.0) lib/web_console/middleware.rb:20:in `catch'
web-console (3.7.0) lib/web_console/middleware.rb:20:in `call'
actionpack (5.1.6.1) lib/action_dispatch/middleware/show_exceptions.rb:31:in `call'
railties (5.1.6.1) lib/rails/rack/logger.rb:36:in `call_app'
railties (5.1.6.1) lib/rails/rack/logger.rb:24:in `block in call'
activesupport (5.1.6.1) lib/active_support/tagged_logging.rb:69:in `block in tagged'
activesupport (5.1.6.1) lib/active_support/tagged_logging.rb:26:in `tagged'
activesupport (5.1.6.1) lib/active_support/tagged_logging.rb:69:in `tagged'
railties (5.1.6.1) lib/rails/rack/logger.rb:24:in `call'
sprockets-rails (3.2.1) lib/sprockets/rails/quiet_assets.rb:13:in `call'
actionpack (5.1.6.1) lib/action_dispatch/middleware/remote_ip.rb:79:in `call'
actionpack (5.1.6.1) lib/action_dispatch/middleware/request_id.rb:25:in `call'
rack (2.0.6) lib/rack/method_override.rb:22:in `call'
rack (2.0.6) lib/rack/runtime.rb:22:in `call'
activesupport (5.1.6.1) lib/active_support/cache/strategy/local_cache_middleware.rb:27:in `call'
actionpack (5.1.6.1) lib/action_dispatch/middleware/executor.rb:12:in `call'
actionpack (5.1.6.1) lib/action_dispatch/middleware/static.rb:125:in `call'
rack (2.0.6) lib/rack/sendfile.rb:111:in `call'
railties (5.1.6.1) lib/rails/engine.rb:522:in `call'
puma (3.12.0) lib/puma/configuration.rb:225:in `call'
puma (3.12.0) lib/puma/server.rb:658:in `handle_request'
puma (3.12.0) lib/puma/server.rb:472:in `process_client'
puma (3.12.0) lib/puma/server.rb:332:in `block in run'
puma (3.12.0) lib/puma/thread_pool.rb:133:in `block in spawn_thread'
Started GET "/users/sign_in" for 127.0.0.1 at 2019-03-06 17:59:56 +0100
Processing by Devise::SessionsController#new as HTML
  Rendering devise/sessions/new.html.erb within layouts/application
  Rendered devise/shared/_links.html.erb (1.0ms)
  Rendered devise/sessions/new.html.erb within layouts/application (77.1ms)
Completed 200 OK in 3727ms (Views: 3702.5ms | ActiveRecord: 2.0ms)


Started GET "/users" for 127.0.0.1 at 2019-03-06 18:00:04 +0100
  
ActionController::RoutingError (No route matches [GET] "/users"):
  
actionpack (5.1.6.1) lib/action_dispatch/middleware/debug_exceptions.rb:63:in `call'
web-console (3.7.0) lib/web_console/middleware.rb:135:in `call_app'
web-console (3.7.0) lib/web_console/middleware.rb:30:in `block in call'
web-console (3.7.0) lib/web_console/middleware.rb:20:in `catch'
web-console (3.7.0) lib/web_console/middleware.rb:20:in `call'
actionpack (5.1.6.1) lib/action_dispatch/middleware/show_exceptions.rb:31:in `call'
railties (5.1.6.1) lib/rails/rack/logger.rb:36:in `call_app'
railties (5.1.6.1) lib/rails/rack/logger.rb:24:in `block in call'
activesupport (5.1.6.1) lib/active_support/tagged_logging.rb:69:in `block in tagged'
activesupport (5.1.6.1) lib/active_support/tagged_logging.rb:26:in `tagged'
activesupport (5.1.6.1) lib/active_support/tagged_logging.rb:69:in `tagged'
railties (5.1.6.1) lib/rails/rack/logger.rb:24:in `call'
sprockets-rails (3.2.1) lib/sprockets/rails/quiet_assets.rb:13:in `call'
actionpack (5.1.6.1) lib/action_dispatch/middleware/remote_ip.rb:79:in `call'
actionpack (5.1.6.1) lib/action_dispatch/middleware/request_id.rb:25:in `call'
rack (2.0.6) lib/rack/method_override.rb:22:in `call'
rack (2.0.6) lib/rack/runtime.rb:22:in `call'
activesupport (5.1.6.1) lib/active_support/cache/strategy/local_cache_middleware.rb:27:in `call'
actionpack (5.1.6.1) lib/action_dispatch/middleware/executor.rb:12:in `call'
actionpack (5.1.6.1) lib/action_dispatch/middleware/static.rb:125:in `call'
rack (2.0.6) lib/rack/sendfile.rb:111:in `call'
railties (5.1.6.1) lib/rails/engine.rb:522:in `call'
puma (3.12.0) lib/puma/configuration.rb:225:in `call'
puma (3.12.0) lib/puma/server.rb:658:in `handle_request'
puma (3.12.0) lib/puma/server.rb:472:in `process_client'
puma (3.12.0) lib/puma/server.rb:332:in `block in run'
puma (3.12.0) lib/puma/thread_pool.rb:133:in `block in spawn_thread'
Started GET "/animals" for 127.0.0.1 at 2019-03-06 18:01:11 +0100
  [1m[35m (0.0ms)[0m  [1m[34mSELECT "schema_migrations"."version" FROM "schema_migrations" ORDER BY "schema_migrations"."version" ASC[0m
Processing by AnimalsController#index as HTML
Completed 401 Unauthorized in 18ms (ActiveRecord: 0.0ms)


Started GET "/users/sign_in" for 127.0.0.1 at 2019-03-06 18:01:22 +0100
Processing by Devise::SessionsController#new as HTML
  Rendering devise/sessions/new.html.erb within layouts/application
  Rendered devise/shared/_links.html.erb (1.0ms)
  Rendered devise/sessions/new.html.erb within layouts/application (50.9ms)
Completed 200 OK in 580ms (Views: 570.2ms | ActiveRecord: 1.0ms)


Started GET "/animals" for 127.0.0.1 at 2019-03-06 18:01:30 +0100
Processing by AnimalsController#index as HTML
Completed 401 Unauthorized in 1ms (ActiveRecord: 0.0ms)


Started GET "/users/sign_in" for 127.0.0.1 at 2019-03-06 18:01:30 +0100
Processing by Devise::SessionsController#new as HTML
  Rendering devise/sessions/new.html.erb within layouts/application
  Rendered devise/shared/_links.html.erb (0.0ms)
  Rendered devise/sessions/new.html.erb within layouts/application (37.9ms)
Completed 200 OK in 268ms (Views: 266.8ms | ActiveRecord: 0.0ms)


